example/build/app/intermediates/manifest_merge_blame_file/debug/manifest-merger-blame-debug-report.txt
1<?xml version="1.0" encoding="utf-8"?>
2<manifest xmlns:android="http://schemas.android.com/apk/res/android"
3    package="io.flutter.plugins.videoplayerexample"
4    android:versionCode="1"
5    android:versionName="1.0" >
6
7    <uses-sdk
8        android:minSdkVersion="16"
8-->src/main/AndroidManifest.xml
9        android:targetSdkVersion="28" />
9-->src/main/AndroidManifest.xml
10
11    <uses-permission android:name="android.permission.INTERNET" />
11-->src/main/AndroidManifest.xml:4:5-66
11-->src/main/AndroidManifest.xml:4:22-64
12    <uses-permission android:name="android.permission.ACCESS_NETWORK_STATE" />
12-->[com.google.android.exoplayer:exoplayer-core:2.9.6] AndroidManifest.xml:24:5-79
12-->[com.google.android.exoplayer:exoplayer-core:2.9.6] AndroidManifest.xml:24:22-76
13
14    <application
14-->src/main/AndroidManifest.xml:6:5-26:19
15        android:name="io.flutter.app.FlutterApplication"
15-->src/main/AndroidManifest.xml:7:9-57
16        android:appComponentFactory="androidx.core.app.CoreComponentFactory"
16-->[androidx.core:core:1.1.0] AndroidManifest.xml:24:18-86
17        android:debuggable="true"
18        android:icon="@mipmap/ic_launcher"
18-->src/main/AndroidManifest.xml:9:9-43
19        android:label="video_player_header_example"
19-->src/main/AndroidManifest.xml:8:9-52
20        android:networkSecurityConfig="@xml/network_security_config" >
20-->src/main/AndroidManifest.xml:10:9-69
21        <activity
21-->src/main/AndroidManifest.xml:11:9-25:20
22            android:name="io.flutter.plugins.videoplayerexample.MainActivity"
22-->src/main/AndroidManifest.xml:12:13-41
23            android:configChanges="orientation|keyboardHidden|keyboard|screenSize|locale|layoutDirection"
23-->src/main/AndroidManifest.xml:15:13-106
24            android:hardwareAccelerated="true"
24-->src/main/AndroidManifest.xml:16:13-47
25            android:launchMode="singleTop"
25-->src/main/AndroidManifest.xml:13:13-43
26            android:theme="@style/LaunchTheme"
26-->src/main/AndroidManifest.xml:14:13-47
27            android:windowSoftInputMode="adjustResize" >
27-->src/main/AndroidManifest.xml:17:13-55
28            <meta-data
28-->src/main/AndroidManifest.xml:18:13-20:40
29                android:name="io.flutter.app.android.SplashScreenUntilFirstFrame"
29-->src/main/AndroidManifest.xml:19:17-82
30                android:value="true" />
30-->src/main/AndroidManifest.xml:20:17-37
31
32            <intent-filter>
32-->src/main/AndroidManifest.xml:21:13-24:29
33                <action android:name="android.intent.action.MAIN" />
33-->src/main/AndroidManifest.xml:22:17-68
33-->src/main/AndroidManifest.xml:22:25-66
34
35                <category android:name="android.intent.category.LAUNCHER" />
35-->src/main/AndroidManifest.xml:23:17-76
35-->src/main/AndroidManifest.xml:23:27-74
36            </intent-filter>
37        </activity>
38    </application>
39
40</manifest>